<?xml version="1.0" encoding="UTF-8"?>
<testsuite xmlns:xsi="http://www.w3.org/2001/XMLSchema-instance" xsi:noNamespaceSchemaLocation="https://maven.apache.org/surefire/maven-surefire-plugin/xsd/surefire-test-report-3.0.xsd" version="3.0" name="za.co.wethinkcode.robotServer.RobotServerTest" time="0.027" tests="1" errors="0" skipped="0" failures="0">
  <properties>
    <property name="sun.desktop" value="gnome"/>
    <property name="awt.toolkit" value="sun.awt.X11.XToolkit"/>
    <property name="java.specification.version" value="11"/>
    <property name="sun.cpu.isalist" value=""/>
    <property name="sun.jnu.encoding" value="UTF-8"/>
    <property name="java.class.path" value="/home/kmeyiswa/student_work/s2nd_year/f1st_semester/brownfields/group_projects/otis-boykin2/otis-boykin/Robot_Server/target/test-classes:/home/kmeyiswa/student_work/s2nd_year/f1st_semester/brownfields/group_projects/otis-boykin2/otis-boykin/Robot_Server/target/classes:/home/kmeyiswa/.m2/repository/junit/junit/4.13.2/junit-4.13.2.jar:/home/kmeyiswa/.m2/repository/org/hamcrest/hamcrest-core/1.3/hamcrest-core-1.3.jar:/home/kmeyiswa/.m2/repository/org/junit/jupiter/junit-jupiter/5.9.0-M1/junit-jupiter-5.9.0-M1.jar:/home/kmeyiswa/.m2/repository/org/junit/jupiter/junit-jupiter-api/5.9.0-M1/junit-jupiter-api-5.9.0-M1.jar:/home/kmeyiswa/.m2/repository/org/opentest4j/opentest4j/1.2.0/opentest4j-1.2.0.jar:/home/kmeyiswa/.m2/repository/org/junit/platform/junit-platform-commons/1.9.0-M1/junit-platform-commons-1.9.0-M1.jar:/home/kmeyiswa/.m2/repository/org/apiguardian/apiguardian-api/1.1.2/apiguardian-api-1.1.2.jar:/home/kmeyiswa/.m2/repository/org/junit/jupiter/junit-jupiter-params/5.9.0-M1/junit-jupiter-params-5.9.0-M1.jar:/home/kmeyiswa/.m2/repository/org/junit/jupiter/junit-jupiter-engine/5.9.0-M1/junit-jupiter-engine-5.9.0-M1.jar:/home/kmeyiswa/.m2/repository/org/junit/platform/junit-platform-engine/1.9.0-M1/junit-platform-engine-1.9.0-M1.jar:/home/kmeyiswa/.m2/repository/com/google/code/gson/gson/2.9.0/gson-2.9.0.jar:"/>
    <property name="java.vm.vendor" value="Red Hat, Inc."/>
    <property name="sun.arch.data.model" value="64"/>
    <property name="java.vendor.url" value="https://www.redhat.com/"/>
    <property name="user.timezone" value=""/>
    <property name="java.vm.specification.version" value="11"/>
    <property name="os.name" value="Linux"/>
    <property name="sun.java.launcher" value="SUN_STANDARD"/>
    <property name="user.country" value="ZA"/>
    <property name="sun.boot.library.path" value="/usr/lib/jvm/java-11-openjdk-11.0.15.0.10-1.fc35.x86_64/lib"/>
    <property name="sun.java.command" value="/home/kmeyiswa/student_work/s2nd_year/f1st_semester/brownfields/group_projects/otis-boykin2/otis-boykin/Robot_Server/target/surefire/surefirebooter-20220614160436196_3.jar /home/kmeyiswa/student_work/s2nd_year/f1st_semester/brownfields/group_projects/otis-boykin2/otis-boykin/Robot_Server/target/surefire 2022-06-14T16-04-35_585-jvmRun1 surefire-20220614160436196_1tmp surefire_0-20220614160436196_2tmp"/>
    <property name="jdk.debug" value="release"/>
    <property name="surefire.test.class.path" value="/home/kmeyiswa/student_work/s2nd_year/f1st_semester/brownfields/group_projects/otis-boykin2/otis-boykin/Robot_Server/target/test-classes:/home/kmeyiswa/student_work/s2nd_year/f1st_semester/brownfields/group_projects/otis-boykin2/otis-boykin/Robot_Server/target/classes:/home/kmeyiswa/.m2/repository/junit/junit/4.13.2/junit-4.13.2.jar:/home/kmeyiswa/.m2/repository/org/hamcrest/hamcrest-core/1.3/hamcrest-core-1.3.jar:/home/kmeyiswa/.m2/repository/org/junit/jupiter/junit-jupiter/5.9.0-M1/junit-jupiter-5.9.0-M1.jar:/home/kmeyiswa/.m2/repository/org/junit/jupiter/junit-jupiter-api/5.9.0-M1/junit-jupiter-api-5.9.0-M1.jar:/home/kmeyiswa/.m2/repository/org/opentest4j/opentest4j/1.2.0/opentest4j-1.2.0.jar:/home/kmeyiswa/.m2/repository/org/junit/platform/junit-platform-commons/1.9.0-M1/junit-platform-commons-1.9.0-M1.jar:/home/kmeyiswa/.m2/repository/org/apiguardian/apiguardian-api/1.1.2/apiguardian-api-1.1.2.jar:/home/kmeyiswa/.m2/repository/org/junit/jupiter/junit-jupiter-params/5.9.0-M1/junit-jupiter-params-5.9.0-M1.jar:/home/kmeyiswa/.m2/repository/org/junit/jupiter/junit-jupiter-engine/5.9.0-M1/junit-jupiter-engine-5.9.0-M1.jar:/home/kmeyiswa/.m2/repository/org/junit/platform/junit-platform-engine/1.9.0-M1/junit-platform-engine-1.9.0-M1.jar:/home/kmeyiswa/.m2/repository/com/google/code/gson/gson/2.9.0/gson-2.9.0.jar:"/>
    <property name="sun.cpu.endian" value="little"/>
    <property name="user.home" value="/home/kmeyiswa"/>
    <property name="user.language" value="en"/>
    <property name="java.specification.vendor" value="Oracle Corporation"/>
    <property name="java.version.date" value="2022-04-19"/>
    <property name="java.home" value="/usr/lib/jvm/java-11-openjdk-11.0.15.0.10-1.fc35.x86_64"/>
    <property name="file.separator" value="/"/>
    <property name="basedir" value="/home/kmeyiswa/student_work/s2nd_year/f1st_semester/brownfields/group_projects/otis-boykin2/otis-boykin/Robot_Server"/>
    <property name="java.vm.compressedOopsMode" value="Zero based"/>
    <property name="line.separator" value="&#10;"/>
    <property name="java.specification.name" value="Java Platform API Specification"/>
    <property name="java.vm.specification.vendor" value="Oracle Corporation"/>
    <property name="java.awt.graphicsenv" value="sun.awt.X11GraphicsEnvironment"/>
    <property name="surefire.real.class.path" value="/home/kmeyiswa/student_work/s2nd_year/f1st_semester/brownfields/group_projects/otis-boykin2/otis-boykin/Robot_Server/target/surefire/surefirebooter-20220614160436196_3.jar"/>
    <property name="sun.management.compiler" value="HotSpot 64-Bit Tiered Compilers"/>
    <property name="java.runtime.version" value="11.0.15+10"/>
    <property name="user.name" value="kmeyiswa"/>
    <property name="path.separator" value=":"/>
    <property name="os.version" value="5.17.12-200.fc35.x86_64"/>
    <property name="java.runtime.name" value="OpenJDK Runtime Environment"/>
    <property name="file.encoding" value="UTF-8"/>
    <property name="java.vm.name" value="OpenJDK 64-Bit Server VM"/>
    <property name="java.vendor.version" value="18.9"/>
    <property name="localRepository" value="/home/kmeyiswa/.m2/repository"/>
    <property name="java.vendor.url.bug" value="https://bugzilla.redhat.com/enter_bug.cgi?product=Fedora&amp;component=java-11-openjdk&amp;version=35"/>
    <property name="java.io.tmpdir" value="/tmp"/>
    <property name="java.version" value="11.0.15"/>
    <property name="user.dir" value="/home/kmeyiswa/student_work/s2nd_year/f1st_semester/brownfields/group_projects/otis-boykin2/otis-boykin/Robot_Server"/>
    <property name="os.arch" value="amd64"/>
    <property name="java.vm.specification.name" value="Java Virtual Machine Specification"/>
    <property name="java.awt.printerjob" value="sun.print.PSPrinterJob"/>
    <property name="sun.os.patch.level" value="unknown"/>
    <property name="java.library.path" value="/usr/java/packages/lib:/usr/lib64:/lib64:/lib:/usr/lib"/>
    <property name="java.vm.info" value="mixed mode, sharing"/>
    <property name="java.vendor" value="Red Hat, Inc."/>
    <property name="java.vm.version" value="11.0.15+10"/>
    <property name="sun.io.unicode.encoding" value="UnicodeLittle"/>
    <property name="java.class.version" value="55.0"/>
  </properties>
  <testcase name="portCheck" classname="za.co.wethinkcode.robotServer.RobotServerTest" time="0.014">
    <system-out><![CDATA[4 Digits are required please choose a valid port
4 Digits are required please choose a valid port
you need to input a 4 digit number.
you need to input a 4 digit number.
]]></system-out>
  </testcase>
</testsuite>